Using pre-set license
Built from '2022.3/respin/2022.3.62f2-4af31df585-v2' branch; Version is '2022.3.62f2 (7670c08855a9) revision 7762112'; Using compiler version '192829333'; Build Type 'Release'
OS: 'Windows 11  (10.0.26100) 64bit Professional' Language: 'ru' Physical Memory: 32546 MB
BatchMode: 1, IsHumanControllingUs: 0, StartBugReporterOnCrash: 0, Is64bit: 1, IsPro: 1

COMMAND LINE ARGUMENTS:
E:\Un\2022.3.62f2\Editor\Unity.exe
-adb2
-batchMode
-noUpm
-name
AssetImportWorker10
-projectPath
D:/OnlineShooter
-logFile
Logs/AssetImportWorker10.log
-srvPort
50888
Successfully changed project path to: D:/OnlineShooter
D:/OnlineShooter
[UnityMemory] Configuration Parameters - Can be set up in boot.config
    "memorysetup-bucket-allocator-granularity=16"
    "memorysetup-bucket-allocator-bucket-count=8"
    "memorysetup-bucket-allocator-block-size=33554432"
    "memorysetup-bucket-allocator-block-count=8"
    "memorysetup-main-allocator-block-size=16777216"
    "memorysetup-thread-allocator-block-size=16777216"
    "memorysetup-gfx-main-allocator-block-size=16777216"
    "memorysetup-gfx-thread-allocator-block-size=16777216"
    "memorysetup-cache-allocator-block-size=4194304"
    "memorysetup-typetree-allocator-block-size=2097152"
    "memorysetup-profiler-bucket-allocator-granularity=16"
    "memorysetup-profiler-bucket-allocator-bucket-count=8"
    "memorysetup-profiler-bucket-allocator-block-size=33554432"
    "memorysetup-profiler-bucket-allocator-block-count=8"
    "memorysetup-profiler-allocator-block-size=16777216"
    "memorysetup-profiler-editor-allocator-block-size=1048576"
    "memorysetup-temp-allocator-size-main=16777216"
    "memorysetup-job-temp-allocator-block-size=2097152"
    "memorysetup-job-temp-allocator-block-size-background=1048576"
    "memorysetup-job-temp-allocator-reduction-small-platforms=262144"
    "memorysetup-allocator-temp-initial-block-size-main=262144"
    "memorysetup-allocator-temp-initial-block-size-worker=262144"
    "memorysetup-temp-allocator-size-background-worker=32768"
    "memorysetup-temp-allocator-size-job-worker=262144"
    "memorysetup-temp-allocator-size-preload-manager=33554432"
    "memorysetup-temp-allocator-size-nav-mesh-worker=65536"
    "memorysetup-temp-allocator-size-audio-worker=65536"
    "memorysetup-temp-allocator-size-cloud-worker=32768"
    "memorysetup-temp-allocator-size-gi-baking-worker=262144"
    "memorysetup-temp-allocator-size-gfx=262144"
Player connection [11684]  Target information:

Player connection [11684]  * "[IP] 192.168.0.101 [Port] 0 [Flags] 2 [Guid] 902800259 [EditorId] 902800259 [Version] 1048832 [Id] WindowsEditor(7,Kazymi) [Debug] 1 [PackageName] WindowsEditor [ProjectName] Editor" 

Player connection [11684]  * "[IP] 26.0.19.251 [Port] 0 [Flags] 2 [Guid] 902800259 [EditorId] 902800259 [Version] 1048832 [Id] WindowsEditor(7,Kazymi) [Debug] 1 [PackageName] WindowsEditor [ProjectName] Editor" 

Player connection [11684]  * "[IP] 100.64.100.6 [Port] 0 [Flags] 2 [Guid] 902800259 [EditorId] 902800259 [Version] 1048832 [Id] WindowsEditor(7,Kazymi) [Debug] 1 [PackageName] WindowsEditor [ProjectName] Editor" 

Player connection [11684] Host joined multi-casting on [225.0.0.222:54997]...
Player connection [11684] Host joined alternative multi-casting on [225.0.0.222:34997]...
Input System module state changed to: Initialized.
[PhysX] Initialized MultithreadedTaskDispatcher with 20 workers.
Refreshing native plugins compatible for Editor in 4.18 ms, found 4 plugins.
Preloading 0 native plugins for Editor in 0.00 ms.
Initialize engine version: 2022.3.62f2 (7670c08855a9)
[Subsystems] Discovering subsystems at path E:/Un/2022.3.62f2/Editor/Data/Resources/UnitySubsystems
[Subsystems] Discovering subsystems at path D:/OnlineShooter/Assets
GfxDevice: creating device client; threaded=0; jobified=0
Direct3D:
    Version:  Direct3D 11.0 [level 11.1]
    Renderer: NVIDIA GeForce RTX 5070 (ID=0x2f04)
    Vendor:   NVIDIA
    VRAM:     11855 MB
    Driver:   32.0.15.8129
Shader 'WFX/Transparent Diffuse': fallback shader 'Particles/Alpha Blended' not found
Shader 'WFX/Transparent Specular': fallback shader 'Particles/Alpha Blended' not found
Initialize mono
Mono path[0] = 'E:/Un/2022.3.62f2/Editor/Data/Managed'
Mono path[1] = 'E:/Un/2022.3.62f2/Editor/Data/MonoBleedingEdge/lib/mono/unityjit-win32'
Mono config path = 'E:/Un/2022.3.62f2/Editor/Data/MonoBleedingEdge/etc'
Using monoOptions --debugger-agent=transport=dt_socket,embedding=1,server=y,suspend=n,address=127.0.0.1:56752
Begin MonoManager ReloadAssembly
Registering precompiled unity dll's ...
Register platform support module: E:/Un/2022.3.62f2/Editor/Data/PlaybackEngines/WebGLSupport/UnityEditor.WebGL.Extensions.dll
Register platform support module: E:/Un/2022.3.62f2/Editor/Data/PlaybackEngines/AndroidPlayer/UnityEditor.Android.Extensions.dll
Register platform support module: E:/Un/2022.3.62f2/Editor/Data/PlaybackEngines/iOSSupport/UnityEditor.iOS.Extensions.dll
Register platform support module: E:/Un/2022.3.62f2/Editor/Data/PlaybackEngines/WindowsStandaloneSupport/UnityEditor.WindowsStandalone.Extensions.dll
Registered in 0.002218 seconds.
- Loaded All Assemblies, in  0.202 seconds
Native extension for WindowsStandalone target not found
[usbmuxd] Start listen thread
[usbmuxd] Listen thread started
Native extension for iOS target not found
Native extension for Android target not found
Android Extension - Scanning For ADB Devices 204 ms
Native extension for WebGL target not found
Mono: successfully reloaded assembly
- Finished resetting the current domain, in  0.385 seconds
Domain Reload Profiling: 587ms
	BeginReloadAssembly (61ms)
		ExecutionOrderSort (0ms)
		DisableScriptedObjects (0ms)
		BackupInstance (0ms)
		ReleaseScriptingObjects (0ms)
		CreateAndSetChildDomain (0ms)
	RebuildCommonClasses (19ms)
	RebuildNativeTypeToScriptingClass (6ms)
	initialDomainReloadingComplete (27ms)
	LoadAllAssembliesAndSetupDomain (89ms)
		LoadAssemblies (61ms)
		RebuildTransferFunctionScriptingTraits (0ms)
		AnalyzeDomain (88ms)
			TypeCache.Refresh (86ms)
				TypeCache.ScanAssembly (78ms)
			ScanForSourceGeneratedMonoScriptInfo (0ms)
			ResolveRequiredComponents (0ms)
	FinalizeReload (385ms)
		ReleaseScriptCaches (0ms)
		RebuildScriptCaches (0ms)
		SetupLoadedEditorAssemblies (358ms)
			LogAssemblyErrors (0ms)
			InitializePlatformSupportModulesInManaged (257ms)
			SetLoadedEditorAssemblies (3ms)
			RefreshPlugins (0ms)
			BeforeProcessingInitializeOnLoad (2ms)
			ProcessInitializeOnLoadAttributes (69ms)
			ProcessInitializeOnLoadMethodAttributes (28ms)
			AfterProcessingInitializeOnLoad (0ms)
			EditorAssembliesLoaded (0ms)
		ExecutionOrderSort2 (0ms)
		AwakeInstancesAfterBackupRestoration (0ms)
========================================================================
Worker process is ready to serve import requests
Caller must complete domain reload
Begin MonoManager ReloadAssembly
- Loaded All Assemblies, in  0.416 seconds
Native extension for WindowsStandalone target not found
Native extension for iOS target not found
Native extension for Android target not found
Native extension for WebGL target not found
Mono: successfully reloaded assembly
- Finished resetting the current domain, in  0.416 seconds
Domain Reload Profiling: 832ms
	BeginReloadAssembly (86ms)
		ExecutionOrderSort (0ms)
		DisableScriptedObjects (3ms)
		BackupInstance (0ms)
		ReleaseScriptingObjects (0ms)
		CreateAndSetChildDomain (14ms)
	RebuildCommonClasses (19ms)
	RebuildNativeTypeToScriptingClass (7ms)
	initialDomainReloadingComplete (23ms)
	LoadAllAssembliesAndSetupDomain (281ms)
		LoadAssemblies (191ms)
		RebuildTransferFunctionScriptingTraits (0ms)
		AnalyzeDomain (138ms)
			TypeCache.Refresh (112ms)
				TypeCache.ScanAssembly (102ms)
			ScanForSourceGeneratedMonoScriptInfo (15ms)
			ResolveRequiredComponents (8ms)
	FinalizeReload (417ms)
		ReleaseScriptCaches (0ms)
		RebuildScriptCaches (0ms)
		SetupLoadedEditorAssemblies (314ms)
			LogAssemblyErrors (0ms)
			InitializePlatformSupportModulesInManaged (16ms)
			SetLoadedEditorAssemblies (4ms)
			RefreshPlugins (0ms)
			BeforeProcessingInitializeOnLoad (46ms)
			ProcessInitializeOnLoadAttributes (200ms)
			ProcessInitializeOnLoadMethodAttributes (47ms)
			AfterProcessingInitializeOnLoad (2ms)
			EditorAssembliesLoaded (0ms)
		ExecutionOrderSort2 (0ms)
		AwakeInstancesAfterBackupRestoration (5ms)
Shader 'WFX/Transparent Specular': fallback shader 'Particles/Alpha Blended' not found
Shader 'WFX/Transparent Diffuse': fallback shader 'Particles/Alpha Blended' not found
Launched and connected shader compiler UnityShaderCompiler.exe after 0.03 seconds
Refreshing native plugins compatible for Editor in 2.43 ms, found 4 plugins.
Preloading 0 native plugins for Editor in 0.00 ms.
Unloading 5689 Unused Serialized files (Serialized files now loaded: 0)
Unloading 42 unused Assets / (1.2 MB). Loaded Objects now: 6143.
Memory consumption went from 233.6 MB to 232.3 MB.
Total: 3.949300 ms (FindLiveObjects: 0.477700 ms CreateObjectMapping: 0.161200 ms MarkObjects: 2.965800 ms  DeleteObjects: 0.343100 ms)

AssetImportParameters requested are different than current active one (requested -> active):
  custom:container-demuxer-ogg: 62fdf1f143b41e24485cea50d1cbac27 -> 
  custom:scripting/monoscript/fileName/TestScript.cs: 98e8315ead979af7a4f8e5aeef8e0751 -> 
  custom:video-codec-MediaFoundation-h265: 746d11721c4dcdbdad8f713fa42b33f4 -> 
  custom:video-decoder-ogg-theora: a1e56fd34408186e4bbccfd4996cb3dc -> 
  custom:framework-win-MediaFoundation: 216162199b28c13a410421893ffa2e32 -> 
  custom:CustomObjectIndexerAttribute: 72b91833f83ae208fae7752999fa3104 -> 
  custom:container-demuxer-webm: 4f35f7cbe854078d1ac9338744f61a02 -> 
  custom:container-muxer-webm: aa71ff27fc2769a1b78a27578f13a17b -> 
  custom:video-decoder-webm-vp8: 9c59270c3fd7afecdb556c50c9e8de78 -> 
  custom:SearchIndexIgnoredProperties: e643bd26f0fe6173181afceb89e7c659 -> 
  custom:AudioImporter_EditorPlatform: d09bf68614088b80899f8185d706f6e7 -> 
  custom:video-encoder-webm-vp8: eb34c28f22e8b96e1ab97ce403110664 -> 
  custom:audio-decoder-ogg-vorbis: bf7c407c2cedff20999df2af8eb42d56 -> 
  custom:audio-encoder-webm-vorbis: bf7c407c2cedff20999df2af8eb42d56 -> 
  custom:scripting/precompiled-assembly-types:PackageManagerAssembly: 30b9c8a60a8d3c51497e5bc46d12865e -> 
========================================================================
Received Import Request.
  Time since last request: 1029003.289776 seconds.
  path: Assets/JMO Assets/WarFX/_Effects/Explosions/WFX_Explosion Small.prefab
  artifactKey: Guid(5332791ebce075d4a9e56f4581e7fb47) Importer(815301076,1909f56bfc062723c751e8b465ee728b)
Start importing Assets/JMO Assets/WarFX/_Effects/Explosions/WFX_Explosion Small.prefab using Guid(5332791ebce075d4a9e56f4581e7fb47) Importer(815301076,1909f56bfc062723c751e8b465ee728b) [PhysX] Initialized MultithreadedTaskDispatcher with 20 workers.
[PhysX] Initialized MultithreadedTaskDispatcher with 20 workers.
 -> (artifact id: '07b2e6fdb788bcc4ca1de1b5d92b4d75') in 0.212268 seconds
Number of updated asset objects reloaded before import = 0
Number of asset objects unloaded after import = 73
========================================================================
Received Import Request.
  Time since last request: 0.191173 seconds.
  path: Assets/JMO Assets/WarFX/_Effects/Bullet Impacts/WFX_BImpact Metal.prefab
  artifactKey: Guid(00fedc70b62a31e448e8ccc298257b56) Importer(815301076,1909f56bfc062723c751e8b465ee728b)
Start importing Assets/JMO Assets/WarFX/_Effects/Bullet Impacts/WFX_BImpact Metal.prefab using Guid(00fedc70b62a31e448e8ccc298257b56) Importer(815301076,1909f56bfc062723c751e8b465ee728b) [PhysX] Initialized MultithreadedTaskDispatcher with 20 workers.
[PhysX] Initialized MultithreadedTaskDispatcher with 20 workers.
 -> (artifact id: 'ed8127b23b86cb1d3373f2919f5fdb45') in 0.008082 seconds
Number of updated asset objects reloaded before import = 0
Number of asset objects unloaded after import = 16
========================================================================
Received Import Request.
  Time since last request: 0.000013 seconds.
  path: Assets/JMO Assets/WarFX/_Effects/Bullet Impacts/WFX_BImpact Wood.prefab
  artifactKey: Guid(ac1aa04288fad804ba1cd769f4377aaf) Importer(815301076,1909f56bfc062723c751e8b465ee728b)
Start importing Assets/JMO Assets/WarFX/_Effects/Bullet Impacts/WFX_BImpact Wood.prefab using Guid(ac1aa04288fad804ba1cd769f4377aaf) Importer(815301076,1909f56bfc062723c751e8b465ee728b) [PhysX] Initialized MultithreadedTaskDispatcher with 20 workers.
[PhysX] Initialized MultithreadedTaskDispatcher with 20 workers.
 -> (artifact id: '3877b6b03f482799664a7e9849ee3b28') in 0.006446 seconds
Number of updated asset objects reloaded before import = 0
Number of asset objects unloaded after import = 20
========================================================================
Received Import Request.
  Time since last request: 128.881889 seconds.
  path: Packages/com.unity.postprocessing/PostProcessing/PostProcessResources.asset
  artifactKey: Guid(d82512f9c8e5d4a4d938b575d47f88d4) Importer(815301076,1909f56bfc062723c751e8b465ee728b)
Start importing Packages/com.unity.postprocessing/PostProcessing/PostProcessResources.asset using Guid(d82512f9c8e5d4a4d938b575d47f88d4) Importer(815301076,1909f56bfc062723c751e8b465ee728b) [PhysX] Initialized MultithreadedTaskDispatcher with 20 workers.
 -> (artifact id: '00000000000000000000000000000000') in 0.000427 seconds
Import Error Code:(4)
Message: Build asset version error: packages/com.unity.postprocessing/postprocessing/postprocessresources.asset in SourceAssetDB has modification time of '2019-04-03T12:09:21Z' while content on disk has modification time of '0001-01-01T00:00:00Z'
  ERROR: Build asset version error: packages/com.unity.postprocessing/postprocessing/postprocessresources.asset in SourceAssetDB has modification time of '2019-04-03T12:09:21Z' while content on disk has modification time of '0001-01-01T00:00:00Z'
Number of updated asset objects reloaded before import = 0
Number of asset objects unloaded after import = 0
========================================================================
Received Import Request.
  Time since last request: 0.001695 seconds.
  path: Packages/com.unity.postprocessing/PostProcessing/PostProcessResources.asset
  artifactKey: Guid(d82512f9c8e5d4a4d938b575d47f88d4) Importer(815301076,1909f56bfc062723c751e8b465ee728b)
Start importing Packages/com.unity.postprocessing/PostProcessing/PostProcessResources.asset using Guid(d82512f9c8e5d4a4d938b575d47f88d4) Importer(815301076,1909f56bfc062723c751e8b465ee728b) [PhysX] Initialized MultithreadedTaskDispatcher with 20 workers.
 -> (artifact id: '00000000000000000000000000000000') in 0.000410 seconds
Import Error Code:(4)
Message: Build asset version error: packages/com.unity.postprocessing/postprocessing/postprocessresources.asset in SourceAssetDB has modification time of '2019-04-03T12:09:21Z' while content on disk has modification time of '0001-01-01T00:00:00Z'
  ERROR: Build asset version error: packages/com.unity.postprocessing/postprocessing/postprocessresources.asset in SourceAssetDB has modification time of '2019-04-03T12:09:21Z' while content on disk has modification time of '0001-01-01T00:00:00Z'
Number of updated asset objects reloaded before import = 0
Number of asset objects unloaded after import = 0
========================================================================
Received Import Request.
  Time since last request: 0.001337 seconds.
  path: Packages/com.unity.postprocessing/PostProcessing/PostProcessResources.asset
  artifactKey: Guid(d82512f9c8e5d4a4d938b575d47f88d4) Importer(815301076,1909f56bfc062723c751e8b465ee728b)
Start importing Packages/com.unity.postprocessing/PostProcessing/PostProcessResources.asset using Guid(d82512f9c8e5d4a4d938b575d47f88d4) Importer(815301076,1909f56bfc062723c751e8b465ee728b) [PhysX] Initialized MultithreadedTaskDispatcher with 20 workers.
 -> (artifact id: '00000000000000000000000000000000') in 0.000402 seconds
Import Error Code:(4)
Message: Build asset version error: packages/com.unity.postprocessing/postprocessing/postprocessresources.asset in SourceAssetDB has modification time of '2019-04-03T12:09:21Z' while content on disk has modification time of '0001-01-01T00:00:00Z'
  ERROR: Build asset version error: packages/com.unity.postprocessing/postprocessing/postprocessresources.asset in SourceAssetDB has modification time of '2019-04-03T12:09:21Z' while content on disk has modification time of '0001-01-01T00:00:00Z'
Number of updated asset objects reloaded before import = 0
Number of asset objects unloaded after import = 0
========================================================================
Received Import Request.
  Time since last request: 0.000400 seconds.
  path: Packages/com.unity.postprocessing/PostProcessing/PostProcessResources.asset
  artifactKey: Guid(d82512f9c8e5d4a4d938b575d47f88d4) Importer(815301076,1909f56bfc062723c751e8b465ee728b)
Start importing Packages/com.unity.postprocessing/PostProcessing/PostProcessResources.asset using Guid(d82512f9c8e5d4a4d938b575d47f88d4) Importer(815301076,1909f56bfc062723c751e8b465ee728b) [PhysX] Initialized MultithreadedTaskDispatcher with 20 workers.
 -> (artifact id: '00000000000000000000000000000000') in 0.000338 seconds
Import Error Code:(4)
Message: Build asset version error: packages/com.unity.postprocessing/postprocessing/postprocessresources.asset in SourceAssetDB has modification time of '2019-04-03T12:09:21Z' while content on disk has modification time of '0001-01-01T00:00:00Z'
  ERROR: Build asset version error: packages/com.unity.postprocessing/postprocessing/postprocessresources.asset in SourceAssetDB has modification time of '2019-04-03T12:09:21Z' while content on disk has modification time of '0001-01-01T00:00:00Z'
Number of updated asset objects reloaded before import = 0
Number of asset objects unloaded after import = 0
========================================================================
Received Import Request.
  Time since last request: 0.001143 seconds.
  path: Packages/com.unity.postprocessing/PostProcessing/PostProcessResources.asset
  artifactKey: Guid(d82512f9c8e5d4a4d938b575d47f88d4) Importer(815301076,1909f56bfc062723c751e8b465ee728b)
Start importing Packages/com.unity.postprocessing/PostProcessing/PostProcessResources.asset using Guid(d82512f9c8e5d4a4d938b575d47f88d4) Importer(815301076,1909f56bfc062723c751e8b465ee728b) [PhysX] Initialized MultithreadedTaskDispatcher with 20 workers.
 -> (artifact id: '00000000000000000000000000000000') in 0.000416 seconds
Import Error Code:(4)
Message: Build asset version error: packages/com.unity.postprocessing/postprocessing/postprocessresources.asset in SourceAssetDB has modification time of '2019-04-03T12:09:21Z' while content on disk has modification time of '0001-01-01T00:00:00Z'
  ERROR: Build asset version error: packages/com.unity.postprocessing/postprocessing/postprocessresources.asset in SourceAssetDB has modification time of '2019-04-03T12:09:21Z' while content on disk has modification time of '0001-01-01T00:00:00Z'
Number of updated asset objects reloaded before import = 0
Number of asset objects unloaded after import = 0
========================================================================
Received Import Request.
  Time since last request: 0.000374 seconds.
  path: Packages/com.unity.postprocessing/PostProcessing/PostProcessResources.asset
  artifactKey: Guid(d82512f9c8e5d4a4d938b575d47f88d4) Importer(815301076,1909f56bfc062723c751e8b465ee728b)
Start importing Packages/com.unity.postprocessing/PostProcessing/PostProcessResources.asset using Guid(d82512f9c8e5d4a4d938b575d47f88d4) Importer(815301076,1909f56bfc062723c751e8b465ee728b) [PhysX] Initialized MultithreadedTaskDispatcher with 20 workers.
 -> (artifact id: '00000000000000000000000000000000') in 0.000432 seconds
Import Error Code:(4)
Message: Build asset version error: packages/com.unity.postprocessing/postprocessing/postprocessresources.asset in SourceAssetDB has modification time of '2019-04-03T12:09:21Z' while content on disk has modification time of '0001-01-01T00:00:00Z'
  ERROR: Build asset version error: packages/com.unity.postprocessing/postprocessing/postprocessresources.asset in SourceAssetDB has modification time of '2019-04-03T12:09:21Z' while content on disk has modification time of '0001-01-01T00:00:00Z'
Number of updated asset objects reloaded before import = 0
Number of asset objects unloaded after import = 0
========================================================================
Received Import Request.
  Time since last request: 0.006502 seconds.
  path: Packages/com.unity.postprocessing/PostProcessing/PostProcessResources.asset
  artifactKey: Guid(d82512f9c8e5d4a4d938b575d47f88d4) Importer(815301076,1909f56bfc062723c751e8b465ee728b)
Start importing Packages/com.unity.postprocessing/PostProcessing/PostProcessResources.asset using Guid(d82512f9c8e5d4a4d938b575d47f88d4) Importer(815301076,1909f56bfc062723c751e8b465ee728b) [PhysX] Initialized MultithreadedTaskDispatcher with 20 workers.
 -> (artifact id: '00000000000000000000000000000000') in 0.000335 seconds
Import Error Code:(4)
Message: Build asset version error: packages/com.unity.postprocessing/postprocessing/postprocessresources.asset in SourceAssetDB has modification time of '2019-04-03T12:09:21Z' while content on disk has modification time of '0001-01-01T00:00:00Z'
  ERROR: Build asset version error: packages/com.unity.postprocessing/postprocessing/postprocessresources.asset in SourceAssetDB has modification time of '2019-04-03T12:09:21Z' while content on disk has modification time of '0001-01-01T00:00:00Z'
Number of updated asset objects reloaded before import = 0
Number of asset objects unloaded after import = 0
========================================================================
Received Import Request.
  Time since last request: 0.001156 seconds.
  path: Packages/com.unity.postprocessing/PostProcessing/PostProcessResources.asset
  artifactKey: Guid(d82512f9c8e5d4a4d938b575d47f88d4) Importer(815301076,1909f56bfc062723c751e8b465ee728b)
Start importing Packages/com.unity.postprocessing/PostProcessing/PostProcessResources.asset using Guid(d82512f9c8e5d4a4d938b575d47f88d4) Importer(815301076,1909f56bfc062723c751e8b465ee728b) [PhysX] Initialized MultithreadedTaskDispatcher with 20 workers.
 -> (artifact id: '00000000000000000000000000000000') in 0.000382 seconds
Import Error Code:(4)
Message: Build asset version error: packages/com.unity.postprocessing/postprocessing/postprocessresources.asset in SourceAssetDB has modification time of '2019-04-03T12:09:21Z' while content on disk has modification time of '0001-01-01T00:00:00Z'
  ERROR: Build asset version error: packages/com.unity.postprocessing/postprocessing/postprocessresources.asset in SourceAssetDB has modification time of '2019-04-03T12:09:21Z' while content on disk has modification time of '0001-01-01T00:00:00Z'
Number of updated asset objects reloaded before import = 0
Number of asset objects unloaded after import = 0
========================================================================
Received Import Request.
  Time since last request: 0.000642 seconds.
  path: Packages/com.unity.postprocessing/PostProcessing/PostProcessResources.asset
  artifactKey: Guid(d82512f9c8e5d4a4d938b575d47f88d4) Importer(815301076,1909f56bfc062723c751e8b465ee728b)
Start importing Packages/com.unity.postprocessing/PostProcessing/PostProcessResources.asset using Guid(d82512f9c8e5d4a4d938b575d47f88d4) Importer(815301076,1909f56bfc062723c751e8b465ee728b) [PhysX] Initialized MultithreadedTaskDispatcher with 20 workers.
 -> (artifact id: '00000000000000000000000000000000') in 0.000358 seconds
Import Error Code:(4)
Message: Build asset version error: packages/com.unity.postprocessing/postprocessing/postprocessresources.asset in SourceAssetDB has modification time of '2019-04-03T12:09:21Z' while content on disk has modification time of '0001-01-01T00:00:00Z'
  ERROR: Build asset version error: packages/com.unity.postprocessing/postprocessing/postprocessresources.asset in SourceAssetDB has modification time of '2019-04-03T12:09:21Z' while content on disk has modification time of '0001-01-01T00:00:00Z'
Number of updated asset objects reloaded before import = 0
Number of asset objects unloaded after import = 0
========================================================================
Received Import Request.
  Time since last request: 0.000439 seconds.
  path: Packages/com.unity.postprocessing/PostProcessing/PostProcessResources.asset
  artifactKey: Guid(d82512f9c8e5d4a4d938b575d47f88d4) Importer(815301076,1909f56bfc062723c751e8b465ee728b)
Start importing Packages/com.unity.postprocessing/PostProcessing/PostProcessResources.asset using Guid(d82512f9c8e5d4a4d938b575d47f88d4) Importer(815301076,1909f56bfc062723c751e8b465ee728b) [PhysX] Initialized MultithreadedTaskDispatcher with 20 workers.
 -> (artifact id: '00000000000000000000000000000000') in 0.000360 seconds
Import Error Code:(4)
Message: Build asset version error: packages/com.unity.postprocessing/postprocessing/postprocessresources.asset in SourceAssetDB has modification time of '2019-04-03T12:09:21Z' while content on disk has modification time of '0001-01-01T00:00:00Z'
  ERROR: Build asset version error: packages/com.unity.postprocessing/postprocessing/postprocessresources.asset in SourceAssetDB has modification time of '2019-04-03T12:09:21Z' while content on disk has modification time of '0001-01-01T00:00:00Z'
Number of updated asset objects reloaded before import = 0
Number of asset objects unloaded after import = 0
========================================================================
Received Import Request.
  Time since last request: 0.000808 seconds.
  path: Packages/com.unity.postprocessing/PostProcessing/PostProcessResources.asset
  artifactKey: Guid(d82512f9c8e5d4a4d938b575d47f88d4) Importer(815301076,1909f56bfc062723c751e8b465ee728b)
Start importing Packages/com.unity.postprocessing/PostProcessing/PostProcessResources.asset using Guid(d82512f9c8e5d4a4d938b575d47f88d4) Importer(815301076,1909f56bfc062723c751e8b465ee728b) [PhysX] Initialized MultithreadedTaskDispatcher with 20 workers.
 -> (artifact id: '00000000000000000000000000000000') in 0.000447 seconds
Import Error Code:(4)
Message: Build asset version error: packages/com.unity.postprocessing/postprocessing/postprocessresources.asset in SourceAssetDB has modification time of '2019-04-03T12:09:21Z' while content on disk has modification time of '0001-01-01T00:00:00Z'
  ERROR: Build asset version error: packages/com.unity.postprocessing/postprocessing/postprocessresources.asset in SourceAssetDB has modification time of '2019-04-03T12:09:21Z' while content on disk has modification time of '0001-01-01T00:00:00Z'
Number of updated asset objects reloaded before import = 0
Number of asset objects unloaded after import = 0
========================================================================
Received Import Request.
  Time since last request: 0.005543 seconds.
  path: Packages/com.unity.postprocessing/PostProcessing/PostProcessResources.asset
  artifactKey: Guid(d82512f9c8e5d4a4d938b575d47f88d4) Importer(815301076,1909f56bfc062723c751e8b465ee728b)
Start importing Packages/com.unity.postprocessing/PostProcessing/PostProcessResources.asset using Guid(d82512f9c8e5d4a4d938b575d47f88d4) Importer(815301076,1909f56bfc062723c751e8b465ee728b) [PhysX] Initialized MultithreadedTaskDispatcher with 20 workers.
 -> (artifact id: '00000000000000000000000000000000') in 0.000387 seconds
Import Error Code:(4)
Message: Build asset version error: packages/com.unity.postprocessing/postprocessing/postprocessresources.asset in SourceAssetDB has modification time of '2019-04-03T12:09:21Z' while content on disk has modification time of '0001-01-01T00:00:00Z'
  ERROR: Build asset version error: packages/com.unity.postprocessing/postprocessing/postprocessresources.asset in SourceAssetDB has modification time of '2019-04-03T12:09:21Z' while content on disk has modification time of '0001-01-01T00:00:00Z'
Number of updated asset objects reloaded before import = 0
Number of asset objects unloaded after import = 0
========================================================================
Received Import Request.
  Time since last request: 0.006424 seconds.
  path: Packages/com.unity.postprocessing/PostProcessing/PostProcessResources.asset
  artifactKey: Guid(d82512f9c8e5d4a4d938b575d47f88d4) Importer(815301076,1909f56bfc062723c751e8b465ee728b)
Start importing Packages/com.unity.postprocessing/PostProcessing/PostProcessResources.asset using Guid(d82512f9c8e5d4a4d938b575d47f88d4) Importer(815301076,1909f56bfc062723c751e8b465ee728b) [PhysX] Initialized MultithreadedTaskDispatcher with 20 workers.
 -> (artifact id: '00000000000000000000000000000000') in 0.000369 seconds
Import Error Code:(4)
Message: Build asset version error: packages/com.unity.postprocessing/postprocessing/postprocessresources.asset in SourceAssetDB has modification time of '2019-04-03T12:09:21Z' while content on disk has modification time of '0001-01-01T00:00:00Z'
  ERROR: Build asset version error: packages/com.unity.postprocessing/postprocessing/postprocessresources.asset in SourceAssetDB has modification time of '2019-04-03T12:09:21Z' while content on disk has modification time of '0001-01-01T00:00:00Z'
Number of updated asset objects reloaded before import = 0
Number of asset objects unloaded after import = 0
========================================================================
Received Import Request.
  Time since last request: 0.000718 seconds.
  path: Packages/com.unity.postprocessing/PostProcessing/PostProcessResources.asset
  artifactKey: Guid(d82512f9c8e5d4a4d938b575d47f88d4) Importer(815301076,1909f56bfc062723c751e8b465ee728b)
Start importing Packages/com.unity.postprocessing/PostProcessing/PostProcessResources.asset using Guid(d82512f9c8e5d4a4d938b575d47f88d4) Importer(815301076,1909f56bfc062723c751e8b465ee728b) [PhysX] Initialized MultithreadedTaskDispatcher with 20 workers.
 -> (artifact id: '00000000000000000000000000000000') in 0.000358 seconds
Import Error Code:(4)
Message: Build asset version error: packages/com.unity.postprocessing/postprocessing/postprocessresources.asset in SourceAssetDB has modification time of '2019-04-03T12:09:21Z' while content on disk has modification time of '0001-01-01T00:00:00Z'
  ERROR: Build asset version error: packages/com.unity.postprocessing/postprocessing/postprocessresources.asset in SourceAssetDB has modification time of '2019-04-03T12:09:21Z' while content on disk has modification time of '0001-01-01T00:00:00Z'
Number of updated asset objects reloaded before import = 0
Number of asset objects unloaded after import = 0
========================================================================
Received Import Request.
  Time since last request: 0.001607 seconds.
  path: Packages/com.unity.postprocessing/PostProcessing/PostProcessResources.asset
  artifactKey: Guid(d82512f9c8e5d4a4d938b575d47f88d4) Importer(815301076,1909f56bfc062723c751e8b465ee728b)
Start importing Packages/com.unity.postprocessing/PostProcessing/PostProcessResources.asset using Guid(d82512f9c8e5d4a4d938b575d47f88d4) Importer(815301076,1909f56bfc062723c751e8b465ee728b) [PhysX] Initialized MultithreadedTaskDispatcher with 20 workers.
 -> (artifact id: '00000000000000000000000000000000') in 0.000377 seconds
Import Error Code:(4)
Message: Build asset version error: packages/com.unity.postprocessing/postprocessing/postprocessresources.asset in SourceAssetDB has modification time of '2019-04-03T12:09:21Z' while content on disk has modification time of '0001-01-01T00:00:00Z'
  ERROR: Build asset version error: packages/com.unity.postprocessing/postprocessing/postprocessresources.asset in SourceAssetDB has modification time of '2019-04-03T12:09:21Z' while content on disk has modification time of '0001-01-01T00:00:00Z'
Number of updated asset objects reloaded before import = 0
Number of asset objects unloaded after import = 0
========================================================================
Received Import Request.
  Time since last request: 0.001953 seconds.
  path: Packages/com.unity.postprocessing/PostProcessing/PostProcessResources.asset
  artifactKey: Guid(d82512f9c8e5d4a4d938b575d47f88d4) Importer(815301076,1909f56bfc062723c751e8b465ee728b)
Start importing Packages/com.unity.postprocessing/PostProcessing/PostProcessResources.asset using Guid(d82512f9c8e5d4a4d938b575d47f88d4) Importer(815301076,1909f56bfc062723c751e8b465ee728b) [PhysX] Initialized MultithreadedTaskDispatcher with 20 workers.
 -> (artifact id: '00000000000000000000000000000000') in 0.000408 seconds
Import Error Code:(4)
Message: Build asset version error: packages/com.unity.postprocessing/postprocessing/postprocessresources.asset in SourceAssetDB has modification time of '2019-04-03T12:09:21Z' while content on disk has modification time of '0001-01-01T00:00:00Z'
  ERROR: Build asset version error: packages/com.unity.postprocessing/postprocessing/postprocessresources.asset in SourceAssetDB has modification time of '2019-04-03T12:09:21Z' while content on disk has modification time of '0001-01-01T00:00:00Z'
Number of updated asset objects reloaded before import = 0
Number of asset objects unloaded after import = 0
========================================================================
Received Import Request.
  Time since last request: 0.001258 seconds.
  path: Packages/com.unity.postprocessing/PostProcessing/PostProcessResources.asset
  artifactKey: Guid(d82512f9c8e5d4a4d938b575d47f88d4) Importer(815301076,1909f56bfc062723c751e8b465ee728b)
Start importing Packages/com.unity.postprocessing/PostProcessing/PostProcessResources.asset using Guid(d82512f9c8e5d4a4d938b575d47f88d4) Importer(815301076,1909f56bfc062723c751e8b465ee728b) [PhysX] Initialized MultithreadedTaskDispatcher with 20 workers.
 -> (artifact id: '00000000000000000000000000000000') in 0.000389 seconds
Import Error Code:(4)
Message: Build asset version error: packages/com.unity.postprocessing/postprocessing/postprocessresources.asset in SourceAssetDB has modification time of '2019-04-03T12:09:21Z' while content on disk has modification time of '0001-01-01T00:00:00Z'
  ERROR: Build asset version error: packages/com.unity.postprocessing/postprocessing/postprocessresources.asset in SourceAssetDB has modification time of '2019-04-03T12:09:21Z' while content on disk has modification time of '0001-01-01T00:00:00Z'
Number of updated asset objects reloaded before import = 0
Number of asset objects unloaded after import = 0
========================================================================
Received Import Request.
  Time since last request: 0.001418 seconds.
  path: Packages/com.unity.postprocessing/PostProcessing/PostProcessResources.asset
  artifactKey: Guid(d82512f9c8e5d4a4d938b575d47f88d4) Importer(815301076,1909f56bfc062723c751e8b465ee728b)
Start importing Packages/com.unity.postprocessing/PostProcessing/PostProcessResources.asset using Guid(d82512f9c8e5d4a4d938b575d47f88d4) Importer(815301076,1909f56bfc062723c751e8b465ee728b) [PhysX] Initialized MultithreadedTaskDispatcher with 20 workers.
 -> (artifact id: '00000000000000000000000000000000') in 0.000378 seconds
Import Error Code:(4)
Message: Build asset version error: packages/com.unity.postprocessing/postprocessing/postprocessresources.asset in SourceAssetDB has modification time of '2019-04-03T12:09:21Z' while content on disk has modification time of '0001-01-01T00:00:00Z'
  ERROR: Build asset version error: packages/com.unity.postprocessing/postprocessing/postprocessresources.asset in SourceAssetDB has modification time of '2019-04-03T12:09:21Z' while content on disk has modification time of '0001-01-01T00:00:00Z'
Number of updated asset objects reloaded before import = 0
Number of asset objects unloaded after import = 0
========================================================================
Received Import Request.
  Time since last request: 0.001192 seconds.
  path: Packages/com.unity.postprocessing/PostProcessing/PostProcessResources.asset
  artifactKey: Guid(d82512f9c8e5d4a4d938b575d47f88d4) Importer(815301076,1909f56bfc062723c751e8b465ee728b)
Start importing Packages/com.unity.postprocessing/PostProcessing/PostProcessResources.asset using Guid(d82512f9c8e5d4a4d938b575d47f88d4) Importer(815301076,1909f56bfc062723c751e8b465ee728b) [PhysX] Initialized MultithreadedTaskDispatcher with 20 workers.
 -> (artifact id: '00000000000000000000000000000000') in 0.000385 seconds
Import Error Code:(4)
Message: Build asset version error: packages/com.unity.postprocessing/postprocessing/postprocessresources.asset in SourceAssetDB has modification time of '2019-04-03T12:09:21Z' while content on disk has modification time of '0001-01-01T00:00:00Z'
  ERROR: Build asset version error: packages/com.unity.postprocessing/postprocessing/postprocessresources.asset in SourceAssetDB has modification time of '2019-04-03T12:09:21Z' while content on disk has modification time of '0001-01-01T00:00:00Z'
Number of updated asset objects reloaded before import = 0
Number of asset objects unloaded after import = 0
========================================================================
Received Import Request.
  Time since last request: 0.004527 seconds.
  path: Packages/com.unity.postprocessing/PostProcessing/PostProcessResources.asset
  artifactKey: Guid(d82512f9c8e5d4a4d938b575d47f88d4) Importer(815301076,1909f56bfc062723c751e8b465ee728b)
Start importing Packages/com.unity.postprocessing/PostProcessing/PostProcessResources.asset using Guid(d82512f9c8e5d4a4d938b575d47f88d4) Importer(815301076,1909f56bfc062723c751e8b465ee728b) [PhysX] Initialized MultithreadedTaskDispatcher with 20 workers.
 -> (artifact id: '00000000000000000000000000000000') in 0.000396 seconds
Import Error Code:(4)
Message: Build asset version error: packages/com.unity.postprocessing/postprocessing/postprocessresources.asset in SourceAssetDB has modification time of '2019-04-03T12:09:21Z' while content on disk has modification time of '0001-01-01T00:00:00Z'
  ERROR: Build asset version error: packages/com.unity.postprocessing/postprocessing/postprocessresources.asset in SourceAssetDB has modification time of '2019-04-03T12:09:21Z' while content on disk has modification time of '0001-01-01T00:00:00Z'
Number of updated asset objects reloaded before import = 0
Number of asset objects unloaded after import = 0
========================================================================
Received Import Request.
  Time since last request: 0.001148 seconds.
  path: Packages/com.unity.postprocessing/PostProcessing/PostProcessResources.asset
  artifactKey: Guid(d82512f9c8e5d4a4d938b575d47f88d4) Importer(815301076,1909f56bfc062723c751e8b465ee728b)
Start importing Packages/com.unity.postprocessing/PostProcessing/PostProcessResources.asset using Guid(d82512f9c8e5d4a4d938b575d47f88d4) Importer(815301076,1909f56bfc062723c751e8b465ee728b) [PhysX] Initialized MultithreadedTaskDispatcher with 20 workers.
 -> (artifact id: '00000000000000000000000000000000') in 0.000412 seconds
Import Error Code:(4)
Message: Build asset version error: packages/com.unity.postprocessing/postprocessing/postprocessresources.asset in SourceAssetDB has modification time of '2019-04-03T12:09:21Z' while content on disk has modification time of '0001-01-01T00:00:00Z'
  ERROR: Build asset version error: packages/com.unity.postprocessing/postprocessing/postprocessresources.asset in SourceAssetDB has modification time of '2019-04-03T12:09:21Z' while content on disk has modification time of '0001-01-01T00:00:00Z'
Number of updated asset objects reloaded before import = 0
Number of asset objects unloaded after import = 0
========================================================================
Received Import Request.
  Time since last request: 0.003696 seconds.
  path: Packages/com.unity.postprocessing/PostProcessing/PostProcessResources.asset
  artifactKey: Guid(d82512f9c8e5d4a4d938b575d47f88d4) Importer(815301076,1909f56bfc062723c751e8b465ee728b)
Start importing Packages/com.unity.postprocessing/PostProcessing/PostProcessResources.asset using Guid(d82512f9c8e5d4a4d938b575d47f88d4) Importer(815301076,1909f56bfc062723c751e8b465ee728b) [PhysX] Initialized MultithreadedTaskDispatcher with 20 workers.
 -> (artifact id: '00000000000000000000000000000000') in 0.000449 seconds
Import Error Code:(4)
Message: Build asset version error: packages/com.unity.postprocessing/postprocessing/postprocessresources.asset in SourceAssetDB has modification time of '2019-04-03T12:09:21Z' while content on disk has modification time of '0001-01-01T00:00:00Z'
  ERROR: Build asset version error: packages/com.unity.postprocessing/postprocessing/postprocessresources.asset in SourceAssetDB has modification time of '2019-04-03T12:09:21Z' while content on disk has modification time of '0001-01-01T00:00:00Z'
Number of updated asset objects reloaded before import = 0
Number of asset objects unloaded after import = 0
========================================================================
Received Import Request.
  Time since last request: 0.008496 seconds.
  path: Packages/com.unity.postprocessing/PostProcessing/PostProcessResources.asset
  artifactKey: Guid(d82512f9c8e5d4a4d938b575d47f88d4) Importer(815301076,1909f56bfc062723c751e8b465ee728b)
Start importing Packages/com.unity.postprocessing/PostProcessing/PostProcessResources.asset using Guid(d82512f9c8e5d4a4d938b575d47f88d4) Importer(815301076,1909f56bfc062723c751e8b465ee728b) [PhysX] Initialized MultithreadedTaskDispatcher with 20 workers.
 -> (artifact id: '00000000000000000000000000000000') in 0.000347 seconds
Import Error Code:(4)
Message: Build asset version error: packages/com.unity.postprocessing/postprocessing/postprocessresources.asset in SourceAssetDB has modification time of '2019-04-03T12:09:21Z' while content on disk has modification time of '0001-01-01T00:00:00Z'
  ERROR: Build asset version error: packages/com.unity.postprocessing/postprocessing/postprocessresources.asset in SourceAssetDB has modification time of '2019-04-03T12:09:21Z' while content on disk has modification time of '0001-01-01T00:00:00Z'
Number of updated asset objects reloaded before import = 0
Number of asset objects unloaded after import = 0
========================================================================
Received Import Request.
  Time since last request: 0.000834 seconds.
  path: Packages/com.unity.postprocessing/PostProcessing/PostProcessResources.asset
  artifactKey: Guid(d82512f9c8e5d4a4d938b575d47f88d4) Importer(815301076,1909f56bfc062723c751e8b465ee728b)
Start importing Packages/com.unity.postprocessing/PostProcessing/PostProcessResources.asset using Guid(d82512f9c8e5d4a4d938b575d47f88d4) Importer(815301076,1909f56bfc062723c751e8b465ee728b) [PhysX] Initialized MultithreadedTaskDispatcher with 20 workers.
 -> (artifact id: '00000000000000000000000000000000') in 0.000367 seconds
Import Error Code:(4)
Message: Build asset version error: packages/com.unity.postprocessing/postprocessing/postprocessresources.asset in SourceAssetDB has modification time of '2019-04-03T12:09:21Z' while content on disk has modification time of '0001-01-01T00:00:00Z'
  ERROR: Build asset version error: packages/com.unity.postprocessing/postprocessing/postprocessresources.asset in SourceAssetDB has modification time of '2019-04-03T12:09:21Z' while content on disk has modification time of '0001-01-01T00:00:00Z'
Number of updated asset objects reloaded before import = 0
Number of asset objects unloaded after import = 0
========================================================================
Received Import Request.
  Time since last request: 0.004746 seconds.
  path: Packages/com.unity.postprocessing/PostProcessing/PostProcessResources.asset
  artifactKey: Guid(d82512f9c8e5d4a4d938b575d47f88d4) Importer(815301076,1909f56bfc062723c751e8b465ee728b)
Start importing Packages/com.unity.postprocessing/PostProcessing/PostProcessResources.asset using Guid(d82512f9c8e5d4a4d938b575d47f88d4) Importer(815301076,1909f56bfc062723c751e8b465ee728b) [PhysX] Initialized MultithreadedTaskDispatcher with 20 workers.
 -> (artifact id: '00000000000000000000000000000000') in 0.000375 seconds
Import Error Code:(4)
Message: Build asset version error: packages/com.unity.postprocessing/postprocessing/postprocessresources.asset in SourceAssetDB has modification time of '2019-04-03T12:09:21Z' while content on disk has modification time of '0001-01-01T00:00:00Z'
  ERROR: Build asset version error: packages/com.unity.postprocessing/postprocessing/postprocessresources.asset in SourceAssetDB has modification time of '2019-04-03T12:09:21Z' while content on disk has modification time of '0001-01-01T00:00:00Z'
Number of updated asset objects reloaded before import = 0
Number of asset objects unloaded after import = 0
========================================================================
Received Import Request.
  Time since last request: 0.000391 seconds.
  path: Packages/com.unity.postprocessing/PostProcessing/PostProcessResources.asset
  artifactKey: Guid(d82512f9c8e5d4a4d938b575d47f88d4) Importer(815301076,1909f56bfc062723c751e8b465ee728b)
Start importing Packages/com.unity.postprocessing/PostProcessing/PostProcessResources.asset using Guid(d82512f9c8e5d4a4d938b575d47f88d4) Importer(815301076,1909f56bfc062723c751e8b465ee728b) [PhysX] Initialized MultithreadedTaskDispatcher with 20 workers.
 -> (artifact id: '00000000000000000000000000000000') in 0.000363 seconds
Import Error Code:(4)
Message: Build asset version error: packages/com.unity.postprocessing/postprocessing/postprocessresources.asset in SourceAssetDB has modification time of '2019-04-03T12:09:21Z' while content on disk has modification time of '0001-01-01T00:00:00Z'
  ERROR: Build asset version error: packages/com.unity.postprocessing/postprocessing/postprocessresources.asset in SourceAssetDB has modification time of '2019-04-03T12:09:21Z' while content on disk has modification time of '0001-01-01T00:00:00Z'
Number of updated asset objects reloaded before import = 0
Number of asset objects unloaded after import = 0
========================================================================
Received Import Request.
  Time since last request: 0.002429 seconds.
  path: Packages/com.unity.postprocessing/PostProcessing/PostProcessResources.asset
  artifactKey: Guid(d82512f9c8e5d4a4d938b575d47f88d4) Importer(815301076,1909f56bfc062723c751e8b465ee728b)
Start importing Packages/com.unity.postprocessing/PostProcessing/PostProcessResources.asset using Guid(d82512f9c8e5d4a4d938b575d47f88d4) Importer(815301076,1909f56bfc062723c751e8b465ee728b) [PhysX] Initialized MultithreadedTaskDispatcher with 20 workers.
 -> (artifact id: '00000000000000000000000000000000') in 0.000407 seconds
Import Error Code:(4)
Message: Build asset version error: packages/com.unity.postprocessing/postprocessing/postprocessresources.asset in SourceAssetDB has modification time of '2019-04-03T12:09:21Z' while content on disk has modification time of '0001-01-01T00:00:00Z'
  ERROR: Build asset version error: packages/com.unity.postprocessing/postprocessing/postprocessresources.asset in SourceAssetDB has modification time of '2019-04-03T12:09:21Z' while content on disk has modification time of '0001-01-01T00:00:00Z'
Number of updated asset objects reloaded before import = 0
Number of asset objects unloaded after import = 0
========================================================================
Received Import Request.
  Time since last request: 0.001170 seconds.
  path: Packages/com.unity.postprocessing/PostProcessing/PostProcessResources.asset
  artifactKey: Guid(d82512f9c8e5d4a4d938b575d47f88d4) Importer(815301076,1909f56bfc062723c751e8b465ee728b)
Start importing Packages/com.unity.postprocessing/PostProcessing/PostProcessResources.asset using Guid(d82512f9c8e5d4a4d938b575d47f88d4) Importer(815301076,1909f56bfc062723c751e8b465ee728b) [PhysX] Initialized MultithreadedTaskDispatcher with 20 workers.
 -> (artifact id: '00000000000000000000000000000000') in 0.000336 seconds
Import Error Code:(4)
Message: Build asset version error: packages/com.unity.postprocessing/postprocessing/postprocessresources.asset in SourceAssetDB has modification time of '2019-04-03T12:09:21Z' while content on disk has modification time of '0001-01-01T00:00:00Z'
  ERROR: Build asset version error: packages/com.unity.postprocessing/postprocessing/postprocessresources.asset in SourceAssetDB has modification time of '2019-04-03T12:09:21Z' while content on disk has modification time of '0001-01-01T00:00:00Z'
Number of updated asset objects reloaded before import = 0
Number of asset objects unloaded after import = 0
========================================================================
Received Import Request.
  Time since last request: 0.002076 seconds.
  path: Packages/com.unity.postprocessing/PostProcessing/PostProcessResources.asset
  artifactKey: Guid(d82512f9c8e5d4a4d938b575d47f88d4) Importer(815301076,1909f56bfc062723c751e8b465ee728b)
Start importing Packages/com.unity.postprocessing/PostProcessing/PostProcessResources.asset using Guid(d82512f9c8e5d4a4d938b575d47f88d4) Importer(815301076,1909f56bfc062723c751e8b465ee728b) [PhysX] Initialized MultithreadedTaskDispatcher with 20 workers.
 -> (artifact id: '00000000000000000000000000000000') in 0.000332 seconds
Import Error Code:(4)
Message: Build asset version error: packages/com.unity.postprocessing/postprocessing/postprocessresources.asset in SourceAssetDB has modification time of '2019-04-03T12:09:21Z' while content on disk has modification time of '0001-01-01T00:00:00Z'
  ERROR: Build asset version error: packages/com.unity.postprocessing/postprocessing/postprocessresources.asset in SourceAssetDB has modification time of '2019-04-03T12:09:21Z' while content on disk has modification time of '0001-01-01T00:00:00Z'
Number of updated asset objects reloaded before import = 0
Number of asset objects unloaded after import = 0
========================================================================
Received Import Request.
  Time since last request: 0.006110 seconds.
  path: Packages/com.unity.postprocessing/PostProcessing/PostProcessResources.asset
  artifactKey: Guid(d82512f9c8e5d4a4d938b575d47f88d4) Importer(815301076,1909f56bfc062723c751e8b465ee728b)
Start importing Packages/com.unity.postprocessing/PostProcessing/PostProcessResources.asset using Guid(d82512f9c8e5d4a4d938b575d47f88d4) Importer(815301076,1909f56bfc062723c751e8b465ee728b) [PhysX] Initialized MultithreadedTaskDispatcher with 20 workers.
 -> (artifact id: '00000000000000000000000000000000') in 0.000530 seconds
Import Error Code:(4)
Message: Build asset version error: packages/com.unity.postprocessing/postprocessing/postprocessresources.asset in SourceAssetDB has modification time of '2019-04-03T12:09:21Z' while content on disk has modification time of '0001-01-01T00:00:00Z'
  ERROR: Build asset version error: packages/com.unity.postprocessing/postprocessing/postprocessresources.asset in SourceAssetDB has modification time of '2019-04-03T12:09:21Z' while content on disk has modification time of '0001-01-01T00:00:00Z'
Number of updated asset objects reloaded before import = 0
Number of asset objects unloaded after import = 0
========================================================================
Received Import Request.
  Time since last request: 0.005284 seconds.
  path: Packages/com.unity.postprocessing/PostProcessing/PostProcessResources.asset
  artifactKey: Guid(d82512f9c8e5d4a4d938b575d47f88d4) Importer(815301076,1909f56bfc062723c751e8b465ee728b)
Start importing Packages/com.unity.postprocessing/PostProcessing/PostProcessResources.asset using Guid(d82512f9c8e5d4a4d938b575d47f88d4) Importer(815301076,1909f56bfc062723c751e8b465ee728b) [PhysX] Initialized MultithreadedTaskDispatcher with 20 workers.
 -> (artifact id: '00000000000000000000000000000000') in 0.000376 seconds
Import Error Code:(4)
Message: Build asset version error: packages/com.unity.postprocessing/postprocessing/postprocessresources.asset in SourceAssetDB has modification time of '2019-04-03T12:09:21Z' while content on disk has modification time of '0001-01-01T00:00:00Z'
  ERROR: Build asset version error: packages/com.unity.postprocessing/postprocessing/postprocessresources.asset in SourceAssetDB has modification time of '2019-04-03T12:09:21Z' while content on disk has modification time of '0001-01-01T00:00:00Z'
Number of updated asset objects reloaded before import = 0
Number of asset objects unloaded after import = 0
========================================================================
Received Import Request.
  Time since last request: 0.000991 seconds.
  path: Packages/com.unity.postprocessing/PostProcessing/PostProcessResources.asset
  artifactKey: Guid(d82512f9c8e5d4a4d938b575d47f88d4) Importer(815301076,1909f56bfc062723c751e8b465ee728b)
Start importing Packages/com.unity.postprocessing/PostProcessing/PostProcessResources.asset using Guid(d82512f9c8e5d4a4d938b575d47f88d4) Importer(815301076,1909f56bfc062723c751e8b465ee728b) [PhysX] Initialized MultithreadedTaskDispatcher with 20 workers.
 -> (artifact id: '00000000000000000000000000000000') in 0.000340 seconds
Import Error Code:(4)
Message: Build asset version error: packages/com.unity.postprocessing/postprocessing/postprocessresources.asset in SourceAssetDB has modification time of '2019-04-03T12:09:21Z' while content on disk has modification time of '0001-01-01T00:00:00Z'
  ERROR: Build asset version error: packages/com.unity.postprocessing/postprocessing/postprocessresources.asset in SourceAssetDB has modification time of '2019-04-03T12:09:21Z' while content on disk has modification time of '0001-01-01T00:00:00Z'
Number of updated asset objects reloaded before import = 0
Number of asset objects unloaded after import = 0
========================================================================
Received Import Request.
  Time since last request: 0.001435 seconds.
  path: Packages/com.unity.postprocessing/PostProcessing/PostProcessResources.asset
  artifactKey: Guid(d82512f9c8e5d4a4d938b575d47f88d4) Importer(815301076,1909f56bfc062723c751e8b465ee728b)
Start importing Packages/com.unity.postprocessing/PostProcessing/PostProcessResources.asset using Guid(d82512f9c8e5d4a4d938b575d47f88d4) Importer(815301076,1909f56bfc062723c751e8b465ee728b) [PhysX] Initialized MultithreadedTaskDispatcher with 20 workers.
 -> (artifact id: '00000000000000000000000000000000') in 0.000347 seconds
Import Error Code:(4)
Message: Build asset version error: packages/com.unity.postprocessing/postprocessing/postprocessresources.asset in SourceAssetDB has modification time of '2019-04-03T12:09:21Z' while content on disk has modification time of '0001-01-01T00:00:00Z'
  ERROR: Build asset version error: packages/com.unity.postprocessing/postprocessing/postprocessresources.asset in SourceAssetDB has modification time of '2019-04-03T12:09:21Z' while content on disk has modification time of '0001-01-01T00:00:00Z'
Number of updated asset objects reloaded before import = 0
Number of asset objects unloaded after import = 0
========================================================================
Received Import Request.
  Time since last request: 0.000815 seconds.
  path: Packages/com.unity.postprocessing/PostProcessing/PostProcessResources.asset
  artifactKey: Guid(d82512f9c8e5d4a4d938b575d47f88d4) Importer(815301076,1909f56bfc062723c751e8b465ee728b)
Start importing Packages/com.unity.postprocessing/PostProcessing/PostProcessResources.asset using Guid(d82512f9c8e5d4a4d938b575d47f88d4) Importer(815301076,1909f56bfc062723c751e8b465ee728b) [PhysX] Initialized MultithreadedTaskDispatcher with 20 workers.
 -> (artifact id: '00000000000000000000000000000000') in 0.000398 seconds
Import Error Code:(4)
Message: Build asset version error: packages/com.unity.postprocessing/postprocessing/postprocessresources.asset in SourceAssetDB has modification time of '2019-04-03T12:09:21Z' while content on disk has modification time of '0001-01-01T00:00:00Z'
  ERROR: Build asset version error: packages/com.unity.postprocessing/postprocessing/postprocessresources.asset in SourceAssetDB has modification time of '2019-04-03T12:09:21Z' while content on disk has modification time of '0001-01-01T00:00:00Z'
Number of updated asset objects reloaded before import = 0
Number of asset objects unloaded after import = 0
========================================================================
Received Import Request.
  Time since last request: 0.006623 seconds.
  path: Packages/com.unity.postprocessing/PostProcessing/PostProcessResources.asset
  artifactKey: Guid(d82512f9c8e5d4a4d938b575d47f88d4) Importer(815301076,1909f56bfc062723c751e8b465ee728b)
Start importing Packages/com.unity.postprocessing/PostProcessing/PostProcessResources.asset using Guid(d82512f9c8e5d4a4d938b575d47f88d4) Importer(815301076,1909f56bfc062723c751e8b465ee728b) [PhysX] Initialized MultithreadedTaskDispatcher with 20 workers.
 -> (artifact id: '00000000000000000000000000000000') in 0.000424 seconds
Import Error Code:(4)
Message: Build asset version error: packages/com.unity.postprocessing/postprocessing/postprocessresources.asset in SourceAssetDB has modification time of '2019-04-03T12:09:21Z' while content on disk has modification time of '0001-01-01T00:00:00Z'
  ERROR: Build asset version error: packages/com.unity.postprocessing/postprocessing/postprocessresources.asset in SourceAssetDB has modification time of '2019-04-03T12:09:21Z' while content on disk has modification time of '0001-01-01T00:00:00Z'
Number of updated asset objects reloaded before import = 0
Number of asset objects unloaded after import = 0
========================================================================
Received Import Request.
  Time since last request: 0.006016 seconds.
  path: Packages/com.unity.postprocessing/PostProcessing/PostProcessResources.asset
  artifactKey: Guid(d82512f9c8e5d4a4d938b575d47f88d4) Importer(815301076,1909f56bfc062723c751e8b465ee728b)
Start importing Packages/com.unity.postprocessing/PostProcessing/PostProcessResources.asset using Guid(d82512f9c8e5d4a4d938b575d47f88d4) Importer(815301076,1909f56bfc062723c751e8b465ee728b) [PhysX] Initialized MultithreadedTaskDispatcher with 20 workers.
 -> (artifact id: '00000000000000000000000000000000') in 0.000439 seconds
Import Error Code:(4)
Message: Build asset version error: packages/com.unity.postprocessing/postprocessing/postprocessresources.asset in SourceAssetDB has modification time of '2019-04-03T12:09:21Z' while content on disk has modification time of '0001-01-01T00:00:00Z'
  ERROR: Build asset version error: packages/com.unity.postprocessing/postprocessing/postprocessresources.asset in SourceAssetDB has modification time of '2019-04-03T12:09:21Z' while content on disk has modification time of '0001-01-01T00:00:00Z'
Number of updated asset objects reloaded before import = 0
Number of asset objects unloaded after import = 0
========================================================================
Received Import Request.
  Time since last request: 0.006095 seconds.
  path: Packages/com.unity.postprocessing/PostProcessing/PostProcessResources.asset
  artifactKey: Guid(d82512f9c8e5d4a4d938b575d47f88d4) Importer(815301076,1909f56bfc062723c751e8b465ee728b)
Start importing Packages/com.unity.postprocessing/PostProcessing/PostProcessResources.asset using Guid(d82512f9c8e5d4a4d938b575d47f88d4) Importer(815301076,1909f56bfc062723c751e8b465ee728b) [PhysX] Initialized MultithreadedTaskDispatcher with 20 workers.
 -> (artifact id: '00000000000000000000000000000000') in 0.000384 seconds
Import Error Code:(4)
Message: Build asset version error: packages/com.unity.postprocessing/postprocessing/postprocessresources.asset in SourceAssetDB has modification time of '2019-04-03T12:09:21Z' while content on disk has modification time of '0001-01-01T00:00:00Z'
  ERROR: Build asset version error: packages/com.unity.postprocessing/postprocessing/postprocessresources.asset in SourceAssetDB has modification time of '2019-04-03T12:09:21Z' while content on disk has modification time of '0001-01-01T00:00:00Z'
Number of updated asset objects reloaded before import = 0
Number of asset objects unloaded after import = 0
========================================================================
Received Import Request.
  Time since last request: 0.000836 seconds.
  path: Packages/com.unity.postprocessing/PostProcessing/PostProcessResources.asset
  artifactKey: Guid(d82512f9c8e5d4a4d938b575d47f88d4) Importer(815301076,1909f56bfc062723c751e8b465ee728b)
Start importing Packages/com.unity.postprocessing/PostProcessing/PostProcessResources.asset using Guid(d82512f9c8e5d4a4d938b575d47f88d4) Importer(815301076,1909f56bfc062723c751e8b465ee728b) [PhysX] Initialized MultithreadedTaskDispatcher with 20 workers.
 -> (artifact id: '00000000000000000000000000000000') in 0.000339 seconds
Import Error Code:(4)
Message: Build asset version error: packages/com.unity.postprocessing/postprocessing/postprocessresources.asset in SourceAssetDB has modification time of '2019-04-03T12:09:21Z' while content on disk has modification time of '0001-01-01T00:00:00Z'
  ERROR: Build asset version error: packages/com.unity.postprocessing/postprocessing/postprocessresources.asset in SourceAssetDB has modification time of '2019-04-03T12:09:21Z' while content on disk has modification time of '0001-01-01T00:00:00Z'
Number of updated asset objects reloaded before import = 0
Number of asset objects unloaded after import = 0
========================================================================
Received Prepare
Caller must complete domain reload
Begin MonoManager ReloadAssembly
- Loaded All Assemblies, in  0.296 seconds
Native extension for WindowsStandalone target not found
Native extension for iOS target not found
Native extension for Android target not found
Native extension for WebGL target not found
Mono: successfully reloaded assembly
- Finished resetting the current domain, in  0.542 seconds
Domain Reload Profiling: 838ms
	BeginReloadAssembly (100ms)
		ExecutionOrderSort (0ms)
		DisableScriptedObjects (7ms)
		BackupInstance (0ms)
		ReleaseScriptingObjects (0ms)
		CreateAndSetChildDomain (27ms)
	RebuildCommonClasses (19ms)
	RebuildNativeTypeToScriptingClass (7ms)
	initialDomainReloadingComplete (15ms)
	LoadAllAssembliesAndSetupDomain (155ms)
		LoadAssemblies (168ms)
		RebuildTransferFunctionScriptingTraits (0ms)
		AnalyzeDomain (31ms)
			TypeCache.Refresh (10ms)
				TypeCache.ScanAssembly (4ms)
			ScanForSourceGeneratedMonoScriptInfo (12ms)
			ResolveRequiredComponents (7ms)
	FinalizeReload (543ms)
		ReleaseScriptCaches (0ms)
		RebuildScriptCaches (0ms)
		SetupLoadedEditorAssemblies (274ms)
			LogAssemblyErrors (0ms)
			InitializePlatformSupportModulesInManaged (16ms)
			SetLoadedEditorAssemblies (3ms)
			RefreshPlugins (0ms)
			BeforeProcessingInitializeOnLoad (44ms)
			ProcessInitializeOnLoadAttributes (171ms)
			ProcessInitializeOnLoadMethodAttributes (40ms)
			AfterProcessingInitializeOnLoad (1ms)
			EditorAssembliesLoaded (0ms)
		ExecutionOrderSort2 (0ms)
		AwakeInstancesAfterBackupRestoration (12ms)
Shader 'WFX/Transparent Specular': fallback shader 'Particles/Alpha Blended' not found
Shader 'WFX/Transparent Diffuse': fallback shader 'Particles/Alpha Blended' not found
Refreshing native plugins compatible for Editor in 1.48 ms, found 4 plugins.
Preloading 0 native plugins for Editor in 0.00 ms.
Unloading 5384 Unused Serialized files (Serialized files now loaded: 0)
Unloading 115 unused Assets / (365.5 KB). Loaded Objects now: 6107.
Memory consumption went from 197.1 MB to 196.8 MB.
Total: 2.085400 ms (FindLiveObjects: 0.215300 ms CreateObjectMapping: 0.081200 ms MarkObjects: 1.669800 ms  DeleteObjects: 0.118000 ms)

Prepare: number of updated asset objects reloaded= 25
AssetImportParameters requested are different than current active one (requested -> active):
  custom:scripting/monoscript/fileName/CFX_SpawnSystem.cs: da90548e33a5ac9767c2ab325529961a -> 
  custom:container-demuxer-ogg: 62fdf1f143b41e24485cea50d1cbac27 -> 
  custom:scripting/monoscript/fileName/TestScript.cs: 98e8315ead979af7a4f8e5aeef8e0751 -> 
  custom:video-codec-MediaFoundation-h265: 746d11721c4dcdbdad8f713fa42b33f4 -> 
  custom:video-decoder-ogg-theora: a1e56fd34408186e4bbccfd4996cb3dc -> 
  custom:framework-win-MediaFoundation: 216162199b28c13a410421893ffa2e32 -> 
  custom:scripting/monoscript/fileName/CFXEasyEditor.cs: 975509eb43d0b0d90d19d984ce47d25d -> 
  custom:scripting/monoscript/fileName/WFX_Demo_RandomDir.cs: 83412d56870e7b7abf13729c1e4f5956 -> 
  custom:scripting/monoscript/fileName/CFX_Demo_RandomDir.cs: 06fce4b0d835d8793ccf8307925e464f -> 
  custom:scripting/monoscript/fileName/WFX_LightFlicker.cs: 1dfc4e18a67da64c518b9518e62ac4fe -> 
  custom:CustomObjectIndexerAttribute: 72b91833f83ae208fae7752999fa3104 -> 
  custom:scripting/monoscript/fileName/CFX_SpawnSystemEditor.cs: 8ef4ed7f7ca5c207cc3108bdafbacf7e -> 
  custom:container-demuxer-webm: 4f35f7cbe854078d1ac9338744f61a02 -> 
  custom:scripting/monoscript/fileName/CFX_Demo_RotateCamera.cs: 1b6c7bbcbc0a01f776aafda62612b729 -> 
  custom:scripting/monoscript/fileName/WFX_Demo_DeleteAfterDelay.cs: a8456c85d9636ec3b34432ce15771790 -> 
  custom:scripting/monoscript/fileName/WFX_BulletHoleDecal.cs: b2a50a5c52cc82fa50f26101cc423417 -> 
  custom:container-muxer-webm: aa71ff27fc2769a1b78a27578f13a17b -> 
  custom:scripting/monoscript/fileName/WFX_Demo_Wall.cs: ebe32a1844666a18dc6e88646d62cdf3 -> 
  custom:video-decoder-webm-vp8: 9c59270c3fd7afecdb556c50c9e8de78 -> 
  custom:scripting/monoscript/fileName/CFX_AutoStopLoopedEffect.cs: 0a1116784d96426e30ae544ef0d48111 -> 
  custom:SearchIndexIgnoredProperties: e643bd26f0fe6173181afceb89e7c659 -> 
  custom:AudioImporter_EditorPlatform: d09bf68614088b80899f8185d706f6e7 -> 
  custom:video-encoder-webm-vp8: eb34c28f22e8b96e1ab97ce403110664 -> 
  custom:scripting/monoscript/fileName/CFX_LightIntensityFade.cs: cdc33b13e94fac5095d515fc63c5bc75 -> 
  custom:audio-decoder-ogg-vorbis: bf7c407c2cedff20999df2af8eb42d56 -> 
  custom:scripting/monoscript/fileName/WFX_Demo.cs: 16a8c51f1dc0063656a39d0352fd910f -> 
  custom:scripting/monoscript/fileName/CFX_Demo_Translate.cs: c85e572516e08f311291871f16fd4e55 -> 
  custom:audio-encoder-webm-vorbis: bf7c407c2cedff20999df2af8eb42d56 -> 
  custom:scripting/precompiled-assembly-types:Assembly-CSharp-Editor: d7d909142e5f7aea1ab63afe358777b5 -> aca7125a3389c5f4127a11b74e5e93cb
  custom:scripting/monoscript/fileName/CFX_AutoDestructShuriken.cs: 7d622660cad3b608810f352fdbc5d485 -> 
  custom:scripting/precompiled-assembly-types:Assembly-CSharp: 791b084c9ddc08b4df3fbf00d86dd130 -> f12237c0e1fe9ddb80d6796f05abcb24
  custom:scripting/monoscript/fileName/WFX_Demo_New.cs: 225d44912cd20a0c8b007d7146330c83 -> 
========================================================================
Received Import Request.
  Time since last request: 33.549807 seconds.
  path: Assets/JMO Assets/WarFX/_Effects/Bullet Impacts/WFX_BImpact Concrete NoCollision.prefab
  artifactKey: Guid(20b31fcfaed0cb842a56fbbe2419428f) Importer(815301076,1909f56bfc062723c751e8b465ee728b)
Start importing Assets/JMO Assets/WarFX/_Effects/Bullet Impacts/WFX_BImpact Concrete NoCollision.prefab using Guid(20b31fcfaed0cb842a56fbbe2419428f) Importer(815301076,1909f56bfc062723c751e8b465ee728b) [PhysX] Initialized MultithreadedTaskDispatcher with 20 workers.
[PhysX] Initialized MultithreadedTaskDispatcher with 20 workers.
 -> (artifact id: '7fb6f1298dffbe3aab12dc7fe8c30e0c') in 0.166284 seconds
Number of updated asset objects reloaded before import = 0
Number of asset objects unloaded after import = 39
========================================================================
Received Import Request.
  Time since last request: 0.000018 seconds.
  path: Assets/JMO Assets/WarFX/_Effects/Bullet Impacts/WFX_BImpact Sand.prefab
  artifactKey: Guid(fc7f8379080d0a844ad699b91bfd56f0) Importer(815301076,1909f56bfc062723c751e8b465ee728b)
Start importing Assets/JMO Assets/WarFX/_Effects/Bullet Impacts/WFX_BImpact Sand.prefab using Guid(fc7f8379080d0a844ad699b91bfd56f0) Importer(815301076,1909f56bfc062723c751e8b465ee728b) [PhysX] Initialized MultithreadedTaskDispatcher with 20 workers.
[PhysX] Initialized MultithreadedTaskDispatcher with 20 workers.
 -> (artifact id: 'cc05075d7249582b8094bf201899292e') in 0.006680 seconds
Number of updated asset objects reloaded before import = 0
Number of asset objects unloaded after import = 20
========================================================================
Received Import Request.
  Time since last request: 0.000017 seconds.
  path: Assets/JMO Assets/WarFX/_Effects/Bullet Impacts/WFX_BImpact Wood.prefab
  artifactKey: Guid(ac1aa04288fad804ba1cd769f4377aaf) Importer(815301076,1909f56bfc062723c751e8b465ee728b)
Start importing Assets/JMO Assets/WarFX/_Effects/Bullet Impacts/WFX_BImpact Wood.prefab using Guid(ac1aa04288fad804ba1cd769f4377aaf) Importer(815301076,1909f56bfc062723c751e8b465ee728b) [PhysX] Initialized MultithreadedTaskDispatcher with 20 workers.
[PhysX] Initialized MultithreadedTaskDispatcher with 20 workers.
 -> (artifact id: 'a9867059cf05e7befc0ecf1ce6628ba3') in 0.005686 seconds
Number of updated asset objects reloaded before import = 0
Number of asset objects unloaded after import = 20
========================================================================
Received Import Request.
  Time since last request: 0.000013 seconds.
  path: Assets/JMO Assets/WarFX/_Effects/Bullet Impacts/WFX_BImpact Dirt.prefab
  artifactKey: Guid(56bfc2f4b4a0c534c8ef3d0fd1124c44) Importer(815301076,1909f56bfc062723c751e8b465ee728b)
Start importing Assets/JMO Assets/WarFX/_Effects/Bullet Impacts/WFX_BImpact Dirt.prefab using Guid(56bfc2f4b4a0c534c8ef3d0fd1124c44) Importer(815301076,1909f56bfc062723c751e8b465ee728b) [PhysX] Initialized MultithreadedTaskDispatcher with 20 workers.
[PhysX] Initialized MultithreadedTaskDispatcher with 20 workers.
 -> (artifact id: '70274532f768a51a6e3c6d9b9121deae') in 0.011159 seconds
Number of updated asset objects reloaded before import = 0
Number of asset objects unloaded after import = 20
========================================================================
Received Import Request.
  Time since last request: 2.644810 seconds.
  path: Assets/JMO Assets/WarFX/_Effects/Fire/Gray Smoke/WFX_Fire SmallFlame (Gray Smoke).prefab
  artifactKey: Guid(ff2aa30ecb40c1b4ea64a518c1d943f1) Importer(815301076,1909f56bfc062723c751e8b465ee728b)
Start importing Assets/JMO Assets/WarFX/_Effects/Fire/Gray Smoke/WFX_Fire SmallFlame (Gray Smoke).prefab using Guid(ff2aa30ecb40c1b4ea64a518c1d943f1) Importer(815301076,1909f56bfc062723c751e8b465ee728b) [PhysX] Initialized MultithreadedTaskDispatcher with 20 workers.
[PhysX] Initialized MultithreadedTaskDispatcher with 20 workers.
 -> (artifact id: '1b9e08e585e2c8e135bb2ad011a120c2') in 0.008319 seconds
Number of updated asset objects reloaded before import = 0
Number of asset objects unloaded after import = 22
========================================================================
Received Import Request.
  Time since last request: 0.000015 seconds.
  path: Assets/JMO Assets/WarFX/_Effects/Fire/Gray Smoke/WFX_GazFire (Gray Smoke).prefab
  artifactKey: Guid(8f4c8e6e19f6811488df5bbe56510f9d) Importer(815301076,1909f56bfc062723c751e8b465ee728b)
Start importing Assets/JMO Assets/WarFX/_Effects/Fire/Gray Smoke/WFX_GazFire (Gray Smoke).prefab using Guid(8f4c8e6e19f6811488df5bbe56510f9d) Importer(815301076,1909f56bfc062723c751e8b465ee728b) [PhysX] Initialized MultithreadedTaskDispatcher with 20 workers.
[PhysX] Initialized MultithreadedTaskDispatcher with 20 workers.
 -> (artifact id: 'd64a5e964fd89ceba1594b4ad589fbc2') in 0.007605 seconds
Number of updated asset objects reloaded before import = 0
Number of asset objects unloaded after import = 22
========================================================================
Received Import Request.
  Time since last request: 2.370302 seconds.
  path: Assets/JMO Assets/WarFX/_Effects/Fire/WFX_FlameThrower Big Alt Looped.prefab
  artifactKey: Guid(06d796ccd85dc4c4b9c98270196715ae) Importer(815301076,1909f56bfc062723c751e8b465ee728b)
Start importing Assets/JMO Assets/WarFX/_Effects/Fire/WFX_FlameThrower Big Alt Looped.prefab using Guid(06d796ccd85dc4c4b9c98270196715ae) Importer(815301076,1909f56bfc062723c751e8b465ee728b) [PhysX] Initialized MultithreadedTaskDispatcher with 20 workers.
[PhysX] Initialized MultithreadedTaskDispatcher with 20 workers.
 -> (artifact id: '034ec70c79386e42405ddcce66b86b2f') in 0.008029 seconds
Number of updated asset objects reloaded before import = 0
Number of asset objects unloaded after import = 22
========================================================================
Received Import Request.
  Time since last request: 0.000015 seconds.
  path: Assets/JMO Assets/WarFX/_Effects/Fire/WFX_FlameThrower Looped.prefab
  artifactKey: Guid(21f6aea0c9b788c4b9b6275efc33d0f9) Importer(815301076,1909f56bfc062723c751e8b465ee728b)
Start importing Assets/JMO Assets/WarFX/_Effects/Fire/WFX_FlameThrower Looped.prefab using Guid(21f6aea0c9b788c4b9b6275efc33d0f9) Importer(815301076,1909f56bfc062723c751e8b465ee728b) [PhysX] Initialized MultithreadedTaskDispatcher with 20 workers.
[PhysX] Initialized MultithreadedTaskDispatcher with 20 workers.
 -> (artifact id: 'b0132ae01875890e06e0639dd9251c52') in 0.005836 seconds
Number of updated asset objects reloaded before import = 0
Number of asset objects unloaded after import = 16
========================================================================
Received Import Request.
  Time since last request: 0.000017 seconds.
  path: Assets/JMO Assets/WarFX/_Effects/Fire/WFX_GazFireBig (Blue).prefab
  artifactKey: Guid(cdd71635203c8ed47a18dcefce87463e) Importer(815301076,1909f56bfc062723c751e8b465ee728b)
Start importing Assets/JMO Assets/WarFX/_Effects/Fire/WFX_GazFireBig (Blue).prefab using Guid(cdd71635203c8ed47a18dcefce87463e) Importer(815301076,1909f56bfc062723c751e8b465ee728b) [PhysX] Initialized MultithreadedTaskDispatcher with 20 workers.
[PhysX] Initialized MultithreadedTaskDispatcher with 20 workers.
 -> (artifact id: 'fea89eef9c5379b964dc262e278e240d') in 0.006097 seconds
Number of updated asset objects reloaded before import = 0
Number of asset objects unloaded after import = 22
========================================================================
Received Import Request.
  Time since last request: 1.133180 seconds.
  path: Assets/JMO Assets/WarFX/_Effects/Explosions/WFX_Explosion Small.prefab
  artifactKey: Guid(5332791ebce075d4a9e56f4581e7fb47) Importer(815301076,1909f56bfc062723c751e8b465ee728b)
Start importing Assets/JMO Assets/WarFX/_Effects/Explosions/WFX_Explosion Small.prefab using Guid(5332791ebce075d4a9e56f4581e7fb47) Importer(815301076,1909f56bfc062723c751e8b465ee728b) [PhysX] Initialized MultithreadedTaskDispatcher with 20 workers.
[PhysX] Initialized MultithreadedTaskDispatcher with 20 workers.
 -> (artifact id: '0e80e3f2f20069bda6862dbab183bc8f') in 0.010874 seconds
Number of updated asset objects reloaded before import = 0
Number of asset objects unloaded after import = 54
========================================================================
Received Import Request.
  Time since last request: 0.000014 seconds.
  path: Assets/JMO Assets/WarFX/_Effects/Explosions/WFX_ExplosiveSmoke Big Alt.prefab
  artifactKey: Guid(e0609132424a24844b1d53ad3d704fd9) Importer(815301076,1909f56bfc062723c751e8b465ee728b)
Start importing Assets/JMO Assets/WarFX/_Effects/Explosions/WFX_ExplosiveSmoke Big Alt.prefab using Guid(e0609132424a24844b1d53ad3d704fd9) Importer(815301076,1909f56bfc062723c751e8b465ee728b) [PhysX] Initialized MultithreadedTaskDispatcher with 20 workers.
[PhysX] Initialized MultithreadedTaskDispatcher with 20 workers.
 -> (artifact id: '6742b1dbb72b3c11a651ffbb30f7ac3c') in 0.008231 seconds
Number of updated asset objects reloaded before import = 0
Number of asset objects unloaded after import = 36
========================================================================
Received Import Request.
  Time since last request: 0.000021 seconds.
  path: Assets/JMO Assets/WarFX/_Effects/Explosions/WFX_ExplosiveSmoke.prefab
  artifactKey: Guid(4575df893a6e3f64a8283dee38413a34) Importer(815301076,1909f56bfc062723c751e8b465ee728b)
Start importing Assets/JMO Assets/WarFX/_Effects/Explosions/WFX_ExplosiveSmoke.prefab using Guid(4575df893a6e3f64a8283dee38413a34) Importer(815301076,1909f56bfc062723c751e8b465ee728b) [PhysX] Initialized MultithreadedTaskDispatcher with 20 workers.
[PhysX] Initialized MultithreadedTaskDispatcher with 20 workers.
 -> (artifact id: 'ba903d504b052c97b48124c8be7470f8') in 0.007767 seconds
Number of updated asset objects reloaded before import = 0
Number of asset objects unloaded after import = 36
========================================================================
Received Import Request.
  Time since last request: 0.000016 seconds.
  path: Assets/JMO Assets/WarFX/_Effects/Explosions/WFX_Explosion StarSmoke.prefab
  artifactKey: Guid(a49596ebf788acd4ab1281bffea444b1) Importer(815301076,1909f56bfc062723c751e8b465ee728b)
Start importing Assets/JMO Assets/WarFX/_Effects/Explosions/WFX_Explosion StarSmoke.prefab using Guid(a49596ebf788acd4ab1281bffea444b1) Importer(815301076,1909f56bfc062723c751e8b465ee728b) [PhysX] Initialized MultithreadedTaskDispatcher with 20 workers.
[PhysX] Initialized MultithreadedTaskDispatcher with 20 workers.
 -> (artifact id: '34b62ff4103da3329d84d607ebab6f87') in 0.010809 seconds
Number of updated asset objects reloaded before import = 0
Number of asset objects unloaded after import = 47
========================================================================
Received Import Request.
  Time since last request: 9.188143 seconds.
  path: Assets/JMO Assets/WarFX/_Effects/Fire/No Smoke/WFX_Fire SmallFlame (No Smoke).prefab
  artifactKey: Guid(9fdb9361d90a0c64688ffb3004e8682c) Importer(815301076,1909f56bfc062723c751e8b465ee728b)
Start importing Assets/JMO Assets/WarFX/_Effects/Fire/No Smoke/WFX_Fire SmallFlame (No Smoke).prefab using Guid(9fdb9361d90a0c64688ffb3004e8682c) Importer(815301076,1909f56bfc062723c751e8b465ee728b) [PhysX] Initialized MultithreadedTaskDispatcher with 20 workers.
[PhysX] Initialized MultithreadedTaskDispatcher with 20 workers.
 -> (artifact id: '12243ca59b7650627a6be17ff4accf6b') in 0.007396 seconds
Number of updated asset objects reloaded before import = 0
Number of asset objects unloaded after import = 16
========================================================================
Received Import Request.
  Time since last request: 51.323501 seconds.
  path: Assets/JMO Assets/WarFX/_Effects/Bullet Impacts/+ Bullet Hole/Unlit/WFX_BImpact Wood + Hole Unlit.prefab
  artifactKey: Guid(053ffbc5e89111349bb060a39ffa0f37) Importer(815301076,1909f56bfc062723c751e8b465ee728b)
Start importing Assets/JMO Assets/WarFX/_Effects/Bullet Impacts/+ Bullet Hole/Unlit/WFX_BImpact Wood + Hole Unlit.prefab using Guid(053ffbc5e89111349bb060a39ffa0f37) Importer(815301076,1909f56bfc062723c751e8b465ee728b) [PhysX] Initialized MultithreadedTaskDispatcher with 20 workers.
[PhysX] Initialized MultithreadedTaskDispatcher with 20 workers.
 -> (artifact id: 'a2a439fc32482a37821b79fe5423afa7') in 0.009344 seconds
Number of updated asset objects reloaded before import = 0
Number of asset objects unloaded after import = 28
Editor requested this worker to shutdown with reason: Scaling down because of idle timeout
TcpMessagingSession - receive error: operation aborted. errorcode: 995, details: Îďĺđŕöč˙ ââîäŕ/âűâîäŕ áűëŕ ďđĺđâŕíŕ čç-çŕ çŕâĺđřĺíč˙ ďîňîęŕ ęîěŕíä čëč ďî çŕďđîńó ďđčëîćĺíč˙.
AssetImportWorker is now disconnected from the server
Process exiting
Exiting without the bug reporter. Application will terminate with return code 0